<?xml version="1.0" encoding="UTF-8"?>
<testsuite name="io.github.devkb.AppTest" tests="1" skipped="0" failures="0" errors="0" timestamp="2025-02-09T08:57:32" hostname="BOOK-AOUM47D6F9" time="0.018">
  <properties/>
  <testcase name="appHasAGreeting()" classname="io.github.devkb.AppTest" time="0.018"/>
  <system-out><![CDATA[]]></system-out>
  <system-err><![CDATA[]]></system-err>
</testsuite>
